[    0.000000] Linux version 4.15.0-200-generic (buildd@lcy02-amd64-069) (gcc version 7.5.0 (Ubuntu 7.5.0-3ubuntu1~18.04)) #211-Ubuntu SMP Thu Nov 24 18:16:04 UTC 2022 (Ubuntu 4.15.0-200.211-generic 4.15.18)
[    0.000000] Command line: BOOT_IMAGE=/boot/vmlinuz-4.15.0-200-generic root=LABEL=cloudimg-rootfs ro console=tty1 console=ttyS0
[    0.000000] KERNEL supported cpus:
[    0.000000]   Intel GenuineIntel
[    0.000000]   AMD AuthenticAMD
[    0.000000]   Centaur CentaurHauls
[    0.000000] x86/fpu: Supporting XSAVE feature 0x001: 'x87 floating point registers'
[    0.000000] x86/fpu: Supporting XSAVE feature 0x002: 'SSE registers'
[    0.000000] x86/fpu: Supporting XSAVE feature 0x004: 'AVX registers'
[    0.000000] x86/fpu: xstate_offset[2]:  576, xstate_sizes[2]:  256
[    0.000000] x86/fpu: Enabled xstate features 0x7, context size is 832 bytes, using 'standard' format.
[    0.000000] e820: BIOS-provided physical RAM map:
[    0.000000] BIOS-e820: [mem 0x0000000000000000-0x000000000009fbff] usable
[    0.000000] BIOS-e820: [mem 0x000000000009fc00-0x000000000009ffff] reserved
[    0.000000] BIOS-e820: [mem 0x00000000000f0000-0x00000000000fffff] reserved
[    0.000000] BIOS-e820: [mem 0x0000000000100000-0x000000007ffeffff] usable
[    0.000000] BIOS-e820: [mem 0x000000007fff0000-0x000000007fffffff] ACPI data
[    0.000000] BIOS-e820: [mem 0x00000000fec00000-0x00000000fec00fff] reserved
[    0.000000] BIOS-e820: [mem 0x00000000fee00000-0x00000000fee00fff] reserved
[    0.000000] BIOS-e820: [mem 0x00000000fffc0000-0x00000000ffffffff] reserved
[    0.000000] NX (Execute Disable) protection: active
[    0.000000] SMBIOS 2.5 present.
[    0.000000] DMI: innotek GmbH VirtualBox/VirtualBox, BIOS VirtualBox 12/01/2006
[    0.000000] Hypervisor detected: KVM
[    0.000000] e820: last_pfn = 0x7fff0 max_arch_pfn = 0x400000000
[    0.000000] MTRR: Disabled
[    0.000000] x86/PAT: MTRRs disabled, skipping PAT initialization too.
[    0.000000] CPU MTRRs all blank - virtualized system.
[    0.000000] x86/PAT: Configuration [0-7]: WB  WT  UC- UC  WB  WT  UC- UC  
[    0.000000] found SMP MP-table at [mem 0x0009fff0-0x0009ffff]
[    0.000000] Scanning 1 areas for low memory corruption
[    0.000000] RAMDISK: [mem 0x359c9000-0x36cdbfff]
[    0.000000] ACPI: Early table checksum verification disabled
[    0.000000] ACPI: RSDP 0x00000000000E0000 000024 (v02 VBOX  )
[    0.000000] ACPI: XSDT 0x000000007FFF0030 00003C (v01 VBOX   VBOXXSDT 00000001 ASL  00000061)
[    0.000000] ACPI: FACP 0x000000007FFF00F0 0000F4 (v04 VBOX   VBOXFACP 00000001 ASL  00000061)
[    0.000000] ACPI: DSDT 0x000000007FFF0610 002353 (v02 VBOX   VBOXBIOS 00000002 INTL 20200528)
[    0.000000] ACPI: FACS 0x000000007FFF0200 000040
[    0.000000] ACPI: FACS 0x000000007FFF0200 000040
[    0.000000] ACPI: APIC 0x000000007FFF0240 000054 (v02 VBOX   VBOXAPIC 00000001 ASL  00000061)
[    0.000000] ACPI: SSDT 0x000000007FFF02A0 00036C (v01 VBOX   VBOXCPUT 00000002 INTL 20200528)
[    0.000000] ACPI: Reserving FACP table memory at [mem 0x7fff00f0-0x7fff01e3]
[    0.000000] ACPI: Reserving DSDT table memory at [mem 0x7fff0610-0x7fff2962]
[    0.000000] ACPI: Reserving FACS table memory at [mem 0x7fff0200-0x7fff023f]
[    0.000000] ACPI: Reserving FACS table memory at [mem 0x7fff0200-0x7fff023f]
[    0.000000] ACPI: Reserving APIC table memory at [mem 0x7fff0240-0x7fff0293]
[    0.000000] ACPI: Reserving SSDT table memory at [mem 0x7fff02a0-0x7fff060b]
[    0.000000] No NUMA configuration found
[    0.000000] Faking a node at [mem 0x0000000000000000-0x000000007ffeffff]
[    0.000000] NODE_DATA(0) allocated [mem 0x7ffc5000-0x7ffeffff]
[    0.000000] kvm-clock: cpu 0, msr 0:7ff44001, primary cpu clock
[    0.000000] kvm-clock: Using msrs 4b564d01 and 4b564d00
[    0.000000] kvm-clock: using sched offset of 3160022185 cycles
[    0.000000] clocksource: kvm-clock: mask: 0xffffffffffffffff max_cycles: 0x1cd42e4dffb, max_idle_ns: 881590591483 ns
[    0.000000] Zone ranges:
[    0.000000]   DMA      [mem 0x0000000000001000-0x0000000000ffffff]
[    0.000000]   DMA32    [mem 0x0000000001000000-0x000000007ffeffff]
[    0.000000]   Normal   empty
[    0.000000]   Device   empty
[    0.000000] Movable zone start for each node
[    0.000000] Early memory node ranges
[    0.000000]   node   0: [mem 0x0000000000001000-0x000000000009efff]
[    0.000000]   node   0: [mem 0x0000000000100000-0x000000007ffeffff]
[    0.000000] Reserved but unavailable: 104 pages
[    0.000000] Initmem setup node 0 [mem 0x0000000000001000-0x000000007ffeffff]
[    0.000000] ACPI: PM-Timer IO Port: 0x4008
[    0.000000] IOAPIC[0]: apic_id 1, version 32, address 0xfec00000, GSI 0-23
[    0.000000] ACPI: INT_SRC_OVR (bus 0 bus_irq 0 global_irq 2 dfl dfl)
[    0.000000] ACPI: INT_SRC_OVR (bus 0 bus_irq 9 global_irq 9 low level)
[    0.000000] Using ACPI (MADT) for SMP configuration information
[    0.000000] smpboot: Allowing 1 CPUs, 0 hotplug CPUs
[    0.000000] PM: Registered nosave memory: [mem 0x00000000-0x00000fff]
[    0.000000] PM: Registered nosave memory: [mem 0x0009f000-0x0009ffff]
[    0.000000] PM: Registered nosave memory: [mem 0x000a0000-0x000effff]
[    0.000000] PM: Registered nosave memory: [mem 0x000f0000-0x000fffff]
[    0.000000] e820: [mem 0x80000000-0xfebfffff] available for PCI devices
[    0.000000] Booting paravirtualized kernel on KVM
[    0.000000] clocksource: refined-jiffies: mask: 0xffffffff max_cycles: 0xffffffff, max_idle_ns: 7645519600211568 ns
[    0.000000] setup_percpu: NR_CPUS:8192 nr_cpumask_bits:1 nr_cpu_ids:1 nr_node_ids:1
[    0.000000] percpu: Embedded 50 pages/cpu s167936 r8192 d28672 u2097152
[    0.000000] PV qspinlock hash table entries: 256 (order: 0, 4096 bytes)
[    0.000000] Built 1 zonelists, mobility grouping on.  Total pages: 515961
[    0.000000] Policy zone: DMA32
[    0.000000] Kernel command line: BOOT_IMAGE=/boot/vmlinuz-4.15.0-200-generic root=LABEL=cloudimg-rootfs ro console=tty1 console=ttyS0
[    0.000000] Memory: 2015040K/2096696K available (12300K kernel code, 2477K rwdata, 4320K rodata, 2472K init, 2720K bss, 81656K reserved, 0K cma-reserved)
[    0.000000] SLUB: HWalign=64, Order=0-3, MinObjects=0, CPUs=1, Nodes=1
[    0.000000] Kernel/User page tables isolation: enabled
[    0.000000] ftrace: allocating 39478 entries in 155 pages
[    0.004000] Hierarchical RCU implementation.
[    0.004000] 	RCU restricting CPUs from NR_CPUS=8192 to nr_cpu_ids=1.
[    0.004000] 	Tasks RCU enabled.
[    0.004000] RCU: Adjusting geometry for rcu_fanout_leaf=16, nr_cpu_ids=1
[    0.004000] NR_IRQS: 524544, nr_irqs: 256, preallocated irqs: 16
[    0.004000] random: crng init done
[    0.004000] Console: colour VGA+ 80x25
[    0.004000] console [tty1] enabled
[    0.004000] console [ttyS0] enabled
[    0.004000] ACPI: Core revision 20170831
[    0.004000] ACPI: 2 ACPI AML tables successfully acquired and loaded
[    0.004000] APIC: Switch to symmetric I/O mode setup
[    0.004000] x2apic enabled
[    0.004000] Switched APIC routing to physical x2apic.
[    0.008000] ..TIMER: vector=0x30 apic1=0 pin1=2 apic2=-1 pin2=-1
[    0.008005] tsc: Detected 2609.134 MHz processor
[    0.011370] Calibrating delay loop (skipped) preset value.. 5218.26 BogoMIPS (lpj=10436536)
[    0.012006] pid_max: default: 32768 minimum: 301
[    0.014789] Security Framework initialized
[    0.016000] Yama: becoming mindful.
[    0.016000] AppArmor: AppArmor initialized
[    0.019332] Dentry cache hash table entries: 262144 (order: 9, 2097152 bytes)
[    0.021280] Inode-cache hash table entries: 131072 (order: 8, 1048576 bytes)
[    0.024000] Mount-cache hash table entries: 4096 (order: 3, 32768 bytes)
[    0.024045] Mountpoint-cache hash table entries: 4096 (order: 3, 32768 bytes)
[    0.028000] process: using mwait in idle threads
[    0.028000] Last level iTLB entries: 4KB 64, 2MB 8, 4MB 8
[    0.028004] Last level dTLB entries: 4KB 64, 2MB 0, 4MB 0, 1GB 4
[    0.032000] Spectre V1 : Mitigation: usercopy/swapgs barriers and __user pointer sanitization
[    0.032004] Spectre V2 : Mitigation: Retpolines
[    0.035284] Spectre V2 : Spectre v2 / SpectreRSB mitigation: Filling RSB on context switch
[    0.036005] Speculative Store Bypass: Vulnerable
[    0.038888] MDS: Mitigation: Clear CPU buffers
[    0.040000] MMIO Stale Data: Mitigation: Clear CPU buffers
[    0.040019] SRBDS: Unknown: Dependent on hypervisor status
[    0.048000] Freeing SMP alternatives memory: 36K
[    0.168079] APIC calibration not consistent with PM-Timer: 164ms instead of 100ms
[    0.172000] APIC delta adjusted to PM-Timer: 6380241 (10504581)
[    0.172000] smpboot: CPU0: Intel(R) Core(TM) i7-9750H CPU @ 2.60GHz (family: 0x6, model: 0x9e, stepping: 0xa)
[    0.172000] Performance Events: unsupported p6 CPU model 158 no PMU driver, software events only.
[    0.172000] Hierarchical SRCU implementation.
[    0.172554] NMI watchdog: Perf event create on CPU 0 failed with -2
[    0.176000] NMI watchdog: Perf NMI watchdog permanently disabled
[    0.176099] smp: Bringing up secondary CPUs ...
[    0.178759] smp: Brought up 1 node, 1 CPU
[    0.180000] smpboot: Max logical packages: 1
[    0.180000] smpboot: Total of 1 processors activated (5218.26 BogoMIPS)
[    0.180202] devtmpfs: initialized
[    0.182270] x86/mm: Memory block size: 128MB
[    0.184000] evm: security.selinux
[    0.184000] evm: security.SMACK64
[    0.184005] evm: security.SMACK64EXEC
[    0.186224] evm: security.SMACK64TRANSMUTE
[    0.188000] evm: security.SMACK64MMAP
[    0.188000] evm: security.apparmor
[    0.188005] evm: security.ima
[    0.189799] evm: security.capability
[    0.192000] clocksource: jiffies: mask: 0xffffffff max_cycles: 0xffffffff, max_idle_ns: 7645041785100000 ns
[    0.192016] futex hash table entries: 256 (order: 2, 16384 bytes)
[    0.195529] pinctrl core: initialized pinctrl subsystem
[    0.196187] RTC time: 16:48:51, date: 12/28/22
[    0.198973] NET: Registered protocol family 16
[    0.200000] audit: initializing netlink subsys (disabled)
[    0.200000] cpuidle: using governor ladder
[    0.200007] cpuidle: using governor menu
[    0.202418] ACPI: bus type PCI registered
[    0.204000] acpiphp: ACPI Hot Plug PCI Controller Driver version: 0.5
[    0.204000] PCI: Using configuration type 1 for base access
[    0.204032] audit: type=2000 audit(1672246136.383:1): state=initialized audit_enabled=0 res=1
[    0.208000] HugeTLB registered 2.00 MiB page size, pre-allocated 0 pages
[    0.208397] ACPI: Added _OSI(Module Device)
[    0.211443] ACPI: Added _OSI(Processor Device)
[    0.212000] ACPI: Added _OSI(3.0 _SCP Extensions)
[    0.212007] ACPI: Added _OSI(Processor Aggregator Device)
[    0.215187] ACPI: Added _OSI(Linux-Dell-Video)
[    0.216000] ACPI: Added _OSI(Linux-Lenovo-NV-HDMI-Audio)
[    0.216016] ACPI: Added _OSI(Linux-HPI-Hybrid-Graphics)
[    0.219752] ACPI: Executed 1 blocks of module-level executable AML code
[    0.223634] ACPI: Interpreter enabled
[    0.224000] ACPI: (supports S0 S5)
[    0.224000] ACPI: Using IOAPIC for interrupt routing
[    0.224000] PCI: Using host bridge windows from ACPI; if necessary, use "pci=nocrs" and report a bug
[    0.224000] ACPI: Enabled 2 GPEs in block 00 to 07
[    0.230150] ACPI: PCI Root Bridge [PCI0] (domain 0000 [bus 00-ff])
[    0.232000] acpi PNP0A03:00: _OSC: OS supports [ASPM ClockPM Segments MSI]
[    0.232710] acpi PNP0A03:00: _OSC: not requesting OS control; OS requires [ExtendedConfig ASPM ClockPM MSI]
[    0.236000] acpi PNP0A03:00: fail to add MMCONFIG information, can't access extended PCI configuration space under this bridge.
[    0.236623] PCI host bridge to bus 0000:00
[    0.239045] pci_bus 0000:00: root bus resource [io  0x0000-0x0cf7 window]
[    0.240004] pci_bus 0000:00: root bus resource [io  0x0d00-0xffff window]
[    0.244000] pci_bus 0000:00: root bus resource [mem 0x000a0000-0x000bffff window]
[    0.244005] pci_bus 0000:00: root bus resource [mem 0x80000000-0xfdffffff window]
[    0.248000] pci_bus 0000:00: root bus resource [bus 00-ff]
[    0.252000] pci 0000:00:01.1: legacy IDE quirk: reg 0x10: [io  0x01f0-0x01f7]
[    0.252008] pci 0000:00:01.1: legacy IDE quirk: reg 0x14: [io  0x03f6]
[    0.255677] pci 0000:00:01.1: legacy IDE quirk: reg 0x18: [io  0x0170-0x0177]
[    0.256006] pci 0000:00:01.1: legacy IDE quirk: reg 0x1c: [io  0x0376]
[    0.279049] pci 0000:00:07.0: quirk: [io  0x4000-0x403f] claimed by PIIX4 ACPI
[    0.280000] pci 0000:00:07.0: quirk: [io  0x4100-0x410f] claimed by PIIX4 SMB
[    0.288000] ACPI: PCI Interrupt Link [LNKA] (IRQs 5 9 10 *11)
[    0.288000] ACPI: PCI Interrupt Link [LNKB] (IRQs 5 9 *10 11)
[    0.288000] ACPI: PCI Interrupt Link [LNKC] (IRQs 5 *9 10 11)
[    0.288000] ACPI: PCI Interrupt Link [LNKD] (IRQs 5 9 10 *11)
[    0.288000] SCSI subsystem initialized
[    0.288000] pci 0000:00:02.0: vgaarb: setting as boot VGA device
[    0.288000] pci 0000:00:02.0: vgaarb: VGA device added: decodes=io+mem,owns=io+mem,locks=none
[    0.288008] pci 0000:00:02.0: vgaarb: bridge control possible
[    0.292000] vgaarb: loaded
[    0.292000] ACPI: bus type USB registered
[    0.292031] usbcore: registered new interface driver usbfs
[    0.295194] usbcore: registered new interface driver hub
[    0.296000] usbcore: registered new device driver usb
[    0.296101] EDAC MC: Ver: 3.0.0
[    0.298752] PCI: Using ACPI for IRQ routing
[    0.300000] NetLabel: Initializing
[    0.300000] NetLabel:  domain hash size = 128
[    0.300004] NetLabel:  protocols = UNLABELED CIPSOv4 CALIPSO
[    0.303404] NetLabel:  unlabeled traffic allowed by default
[    0.304000] clocksource: Switched to clocksource kvm-clock
[    0.323593] VFS: Disk quotas dquot_6.6.0
[    0.324907] VFS: Dquot-cache hash table entries: 512 (order 0, 4096 bytes)
[    0.324907] AppArmor: AppArmor Filesystem Enabled
[    0.334375] pnp: PnP ACPI init
[    0.337978] pnp: PnP ACPI: found 3 devices
[    0.348289] clocksource: acpi_pm: mask: 0xffffff max_cycles: 0xffffff, max_idle_ns: 2085701024 ns
[    0.352210] NET: Registered protocol family 2
[    0.352210] IP idents hash table entries: 32768 (order: 6, 262144 bytes)
[    0.352210] TCP established hash table entries: 16384 (order: 5, 131072 bytes)
[    0.364966] TCP bind hash table entries: 16384 (order: 6, 262144 bytes)
[    0.368775] TCP: Hash tables configured (established 16384 bind 16384)
[    0.373913] UDP hash table entries: 1024 (order: 3, 32768 bytes)
[    0.377701] UDP-Lite hash table entries: 1024 (order: 3, 32768 bytes)
[    0.381690] NET: Registered protocol family 1
[    0.384351] pci 0000:00:00.0: Limiting direct PCI/PCI transfers
[    0.385580] pci 0000:00:01.0: Activating ISA DMA hang workarounds
[    0.391405] pci 0000:00:02.0: Video device with shadowed ROM at [mem 0x000c0000-0x000dffff]
[    0.395247] Unpacking initramfs...
[    0.682940] Freeing initrd memory: 19532K
[    0.682940] clocksource: tsc: mask: 0xffffffffffffffff max_cycles: 0x259bf08a4c9, max_idle_ns: 440795265965 ns
[    0.694216] platform rtc_cmos: registered platform RTC device (no PNP device found)
[    0.699524] Scanning for low memory corruption every 60 seconds
[    0.703395] Initialise system trusted keyrings
[    0.703455] Key type blacklist registered
[    0.708733] workingset: timestamp_bits=36 max_order=19 bucket_order=0
[    0.712661] zbud: loaded
[    0.712661] squashfs: version 4.0 (2009/01/31) Phillip Lougher
[    0.719707] fuse init (API version 7.26)
[    0.723163] Key type asymmetric registered
[    0.723516] Asymmetric key parser 'x509' registered
[    0.728895] Block layer SCSI generic (bsg) driver version 0.4 loaded (major 246)
[    0.732811] io scheduler noop registered
[    0.732811] io scheduler deadline registered
[    0.732811] io scheduler cfq registered (default)
[    0.741351] ACPI: AC Adapter [AC] (off-line)
[    0.744060] input: Power Button as /devices/LNXSYSTM:00/LNXPWRBN:00/input/input0
[    0.748911] ACPI: Power Button [PWRF]
[    0.751228] input: Sleep Button as /devices/LNXSYSTM:00/LNXSLPBN:00/input/input1
[    0.752833] ACPI: Sleep Button [SLPF]
[    0.760392] ACPI: Battery Slot [BAT0] (battery present)
[    0.762283] Serial: 8250/16550 driver, 32 ports, IRQ sharing enabled
[    0.794295] 00:02: ttyS0 at I/O 0x3f8 (irq = 4, base_baud = 115200) is a 16550A
[    0.797014] Linux agpgart interface v0.103
[    0.797014] loop: module loaded
[    0.808195] scsi host0: ata_piix
[    0.810195] scsi host1: ata_piix
[    0.811935] ata1: PATA max UDMA/33 cmd 0x1f0 ctl 0x3f6 bmdma 0xd000 irq 14
[    0.811935] ata2: PATA max UDMA/33 cmd 0x170 ctl 0x376 bmdma 0xd008 irq 15
[    0.822656] tun: Universal TUN/TAP device driver, 1.6
[    0.824976] PPP generic driver version 2.4.2
[    0.828623] ehci_hcd: USB 2.0 'Enhanced' Host Controller (EHCI) Driver
[    0.832554] ehci-pci: EHCI PCI platform driver
[    0.832554] ehci-platform: EHCI generic platform driver
[    0.838492] ohci_hcd: USB 1.1 'Open' Host Controller (OHCI) Driver
[    0.842077] ohci-pci: OHCI PCI platform driver
[    0.842451] ohci-platform: OHCI generic platform driver
[    0.848853] uhci_hcd: USB Universal Host Controller Interface driver
[    0.852807] i8042: PNP: PS/2 Controller [PNP0303:PS2K,PNP0f03:PS2M] at 0x60,0x64 irq 1,12
[    0.859700] serio: i8042 KBD port at 0x60,0x64 irq 1
[    0.861777] serio: i8042 AUX port at 0x60,0x64 irq 12
[    0.861777] mousedev: PS/2 mouse device common for all mice
[    0.870699] input: AT Translated Set 2 keyboard as /devices/platform/i8042/serio0/input/input2
[    0.878681] rtc_cmos rtc_cmos: rtc core: registered rtc_cmos as rtc0
[    0.884092] rtc_cmos rtc_cmos: alarms up to one day, 114 bytes nvram
[    0.888821] i2c /dev entries driver
[    0.891633] device-mapper: uevent: version 1.0.3
[    0.892778] device-mapper: ioctl: 4.37.0-ioctl (2017-09-20) initialised: dm-devel@redhat.com
[    0.902667] ledtrig-cpu: registered to indicate activity on CPUs
[    0.908900] intel_pmc_core:  initialized
[    0.912425] NET: Registered protocol family 10
[    0.921335] Segment Routing with IPv6
[    0.922323] NET: Registered protocol family 17
[    0.928313] Key type dns_resolver registered
[    0.932099] mce: Using 0 MCE banks
[    0.932226] RAS: Correctable Errors collector initialized.
[    0.939997] sched_clock: Marking stable (939809078, 0)->(1698254535, -758445457)
[    0.946149] registered taskstats version 1
[    0.973355] Loading compiled-in X.509 certificates
[    0.979464] Loaded X.509 cert 'Build time autogenerated kernel key: 29e5beaa583364da097e68c9386761f80dbce7ef'
[    0.986698] Loaded X.509 cert 'Canonical Ltd. Live Patch Signing: 14df34d1a87cf37625abec039ef2bf521249b969'
[    1.040673] Loaded X.509 cert 'Canonical Ltd. Kernel Module Signing: 88f752e560a1e0737e31163a466ad7b70a850c19'
[    1.046350] blacklist: Loading compiled-in revocation X.509 certificates
[    1.050148] Loaded X.509 cert 'Canonical Ltd. Secure Boot Signing: 61482aa2830d0ab2ad5af10b7250da9033ddcef0'
[    1.055618] zswap: loaded using pool lzo/zbud
[    1.062454] Key type big_key registered
[    1.064739] Key type trusted registered
[    1.068650] Key type encrypted registered
[    1.071085] AppArmor: AppArmor sha1 policy hashing enabled
[    1.074290] ima: No TPM chip found, activating TPM-bypass! (rc=-19)
[    1.078560] ima: Allocated hash algorithm: sha1
[    1.081345] evm: HMAC attrs: 0x1
[    1.084330]   Magic number: 2:627:844
[    1.087051] rtc_cmos rtc_cmos: setting system clock to 2022-12-28 16:48:53 UTC (1672246133)
[    1.091906] BIOS EDD facility v0.16 2004-Jun-25, 0 devices found
[    1.095434] EDD information not available.
[    1.100580] Freeing unused kernel image memory: 2472K
[    1.108687] Write protecting the kernel read-only data: 20480k
[    1.113247] Freeing unused kernel image memory: 2008K
[    1.116355] Freeing unused kernel image memory: 1824K
[    1.124192] x86/mm: Checked W+X mappings: passed, no W+X pages found.
[    1.128953] x86/mm: Checking user space page tables
[    1.137377] x86/mm: Checked W+X mappings: passed, no W+X pages found.
Loading, please wait...
starting version 237
[    1.236458] e1000: Intel(R) PRO/1000 Network Driver - version 7.3.21-k8-NAPI
[    1.240834] e1000: Copyright (c) 1999-2006 Intel Corporation.
[    1.248614] Fusion MPT base driver 3.04.20
[    1.269035] Copyright (c) 1999-2008 LSI Corporation
[    1.300687] AVX2 version of gcm_enc/dec engaged.
[    1.303420] AES CTR mode by8 optimization enabled
[    1.339699] Fusion MPT SPI Host driver 3.04.20
[    1.506293] input: ImExPS/2 Generic Explorer Mouse as /devices/platform/i8042/serio1/input/input4
[    1.824841] e1000 0000:00:03.0 eth0: (PCI:33MHz:32-bit) 02:40:49:ac:f0:20
[    1.829260] e1000 0000:00:03.0 eth0: Intel(R) PRO/1000 Network Connection
[    1.835248] mptbase: ioc0: Initiating bringup
[    1.942905] ioc0: LSI53C1030 A0: Capabilities={Initiator}
[    2.207176] scsi host2: ioc0: LSI53C1030 A0, FwRev=00000000h, Ports=1, MaxQ=256, IRQ=20
[    2.382446] scsi 2:0:0:0: Direct-Access     VBOX     HARDDISK         1.0  PQ: 0 ANSI: 5
[    2.391531] scsi target2:0:0: Beginning Domain Validation
[    2.398900] scsi target2:0:0: Domain Validation skipping write tests
[    2.403168] scsi target2:0:0: Ending Domain Validation
[    2.406801] scsi target2:0:0: asynchronous
[    2.411207] scsi 2:0:1:0: Direct-Access     VBOX     HARDDISK         1.0  PQ: 0 ANSI: 5
[    2.417005] scsi target2:0:1: Beginning Domain Validation
[    2.423511] scsi target2:0:1: Domain Validation skipping write tests
[    2.428055] scsi target2:0:1: Ending Domain Validation
[    2.437583] scsi target2:0:1: asynchronous
[    2.548997] sd 2:0:0:0: [sda] 83886080 512-byte logical blocks: (42.9 GB/40.0 GiB)
[    2.553415] sd 2:0:0:0: [sda] Write Protect is off
[    2.556917] sd 2:0:0:0: Attached scsi generic sg0 type 0
[    2.571785] sd 2:0:1:0: [sdb] 20480 512-byte logical blocks: (10.5 MB/10.0 MiB)
[    2.576083] sd 2:0:1:0: Attached scsi generic sg1 type 0
[    2.579352] sd 2:0:1:0: [sdb] Write Protect is off
[    2.582155] sd 2:0:0:0: [sda] Incomplete mode parameter data
[    2.585522] sd 2:0:0:0: [sda] Assuming drive cache: write through
[    2.601087] sd 2:0:1:0: [sdb] Incomplete mode parameter data
[    2.604806] sd 2:0:1:0: [sdb] Assuming drive cache: write through
[    2.620943]  sda: sda1
[    2.623491] sd 2:0:0:0: [sda] Attached SCSI disk
[    2.628691] sd 2:0:1:0: [sdb] Attached SCSI disk
[    2.948380] e1000 0000:00:08.0 eth1: (PCI:33MHz:32-bit) 08:00:27:ad:bc:67
[    2.952670] e1000 0000:00:08.0 eth1: Intel(R) PRO/1000 Network Connection
[    2.957804] e1000 0000:00:08.0 enp0s8: renamed from eth1
[    2.977020] e1000 0000:00:03.0 enp0s3: renamed from eth0
Begin: Loading essential drivers ... [    4.961114] raid6: sse2x1   gen() 15632 MB/s
[    5.020698] raid6: sse2x1   xor() 11199 MB/s
[    5.080289] raid6: sse2x2   gen() 18691 MB/s
[    5.140120] raid6: sse2x2   xor() 12807 MB/s
[    5.198993] raid6: sse2x4   gen() 21660 MB/s
[    5.258497] raid6: sse2x4   xor() 13328 MB/s
[    5.317990] raid6: avx2x1   gen() 30583 MB/s
[    5.378121] raid6: avx2x1   xor() 21062 MB/s
[    5.437453] raid6: avx2x2   gen() 35396 MB/s
[    5.497024] raid6: avx2x2   xor() 23169 MB/s
[    5.557252] raid6: avx2x4   gen() 42679 MB/s
[    5.616132] raid6: avx2x4   xor() 25782 MB/s
[    5.619090] raid6: using algorithm avx2x4 gen() 42679 MB/s
[    5.622234] raid6: .... xor() 25782 MB/s, rmw enabled
[    5.625166] raid6: using avx2x2 recovery algorithm
[    5.629884] xor: automatically using best checksumming function   avx       
[    5.635691] async_tx: api initialized (async)
done.
Begin: Running /scripts/init-premount ... done.
Begin: Mounting root file system ... Begin: Running /scripts/local-top ... done.
Begin: Running /scripts/local-premount ... [    5.692643] Btrfs loaded, crc32c=crc32c-intel
Scanning for Btrfs filesystems
done.
Warning: fsck not present, so skipping root file system
[    5.723675] EXT4-fs (sda1): mounted filesystem with ordered data mode. Opts: (null)
done.
Begin: Running /scripts/local-bottom ... done.
Begin: Running /scripts/init-bottom ... done.
[    5.858512] ip_tables: (C) 2000-2006 Netfilter Core Team
[    5.869588] systemd[1]: systemd 237 running in system mode. (+PAM +AUDIT +SELINUX +IMA +APPARMOR +SMACK +SYSVINIT +UTMP +LIBCRYPTSETUP +GCRYPT +GNUTLS +ACL +XZ +LZ4 +SECCOMP +BLKID +ELFUTILS +KMOD -IDN2 +IDN -PCRE2 default-hierarchy=hybrid)
[    5.881606] systemd[1]: Detected virtualization oracle.
[    5.884611] systemd[1]: Detected architecture x86-64.

Welcome to [1mUbuntu 18.04.6 LTS[0m!

[    5.892925] systemd[1]: Set hostname to <ubuntu>.
[    5.900707] systemd[1]: Initializing machine ID from random generator.
[    5.904408] systemd[1]: Installed transient /etc/machine-id file.
[    6.135883] systemd[1]: Started Forward Password Requests to Wall Directory Watch.
[[0;32m  OK  [0m] Started Forward Password Requests to Wall Directory Watch.
[    6.143950] systemd[1]: Reached target User and Group Name Lookups.
[[0;32m  OK  [0m] Reached target User and Group Name Lookups.
[    6.150621] systemd[1]: Reached target Swap.
[[0;32m  OK  [0m] Reached target Swap.
[    6.156137] systemd[1]: Created slice System Slice.
[[0;32m  OK  [0m] Created slice System Slice.
[[0;32m  OK  [0m] Listening on Network Service Netlink Socket.
[[0;32m  OK  [0m] Listening on LVM2 metadata daemon socket.
[[0;32m  OK  [0m] Created slice system-serial\x2dgetty.slice.
[[0;32m  OK  [0m] Set up automount Arbitrary Executab…rmats File System Automount Point.
[[0;32m  OK  [0m] Listening on udev Control Socket.
[[0;32m  OK  [0m] Reached target System Time Synchronized.
[[0;32m  OK  [0m] Listening on Journal Socket (/dev/log).
[[0;32m  OK  [0m] Listening on udev Kernel Socket.
[[0;32m  OK  [0m] Created slice User and Session Slice.
[[0;32m  OK  [0m] Reached target Slices.
[[0;32m  OK  [0m] Listening on /dev/initctl Compatibility Named Pipe.
[[0;32m  OK  [0m] Listening on LVM2 poll daemon socket.
[[0;32m  OK  [0m] Listening on Journal Socket.
         Starting Set the console keyboard layout...
         Starting Create list of required st…ce nodes for the current kernel...
         Starting Load Kernel Modules...
         Mounting POSIX Message Queue File System...
         Mounting Huge Pages File System...
         Starting Uncomplicated firewall...
[[0;32m  OK  [0m] Listening on Device-mapper event daemon FIFOs.
         Starting udev Coldplug all Devices...
[    6.239329] Loading iSCSI transport class v2.0-870.
[[0;32m  OK  [0m] Listening on Journal Audit Socket.
         Mounting Kernel Debug File System...
[    6.254028] iscsi: registered transport (tcp)
[[0;32m  OK  [0m] Listening on Syslog Socket.
         Starting Journal Service...
[[0;32m  OK  [0m] Listening on fsck to fsckd communication Socket.
         Starting File System Check on Root Device...
[    6.323573] iscsi: registered transport (iser)
         Starting Monitoring of LVM2 mirrors…ng dmeventd or progress polling...
[[0;32m  OK  [0m] Started Journal Service.
[[0;32m  OK  [0m] Started Create list of required sta…vice nodes for the current kernel.
[[0;32m  OK  [0m] Started Load Kernel Modules.
[[0;32m  OK  [0m] Mounted POSIX Message Queue File System.
[[0;32m  OK  [0m] Mounted Huge Pages File System.
[[0;32m  OK  [0m] Started Uncomplicated firewall.
[[0;32m  OK  [0m] Mounted Kernel Debug File System.
[[0;32m  OK  [0m] Started File System Check Daemon to report status.
         Starting Apply Kernel Variables...
         Mounting Kernel Configuration File System...
         Mounting FUSE Control File System...
         Starting Create Static Device Nodes in /dev...
[[0;32m  OK  [0m] Mounted Kernel Configuration File System.
[[0;32m  OK  [0m] Mounted FUSE Control File System.
[[0;32m  OK  [0m] Started udev Coldplug all Devices.
[[0;32m  OK  [0m] Started File System Check on Root Device.
[[0;32m  OK  [0m] Started LVM2 metadata daemon.
         Starting Remount Root and Kernel File Systems...
[[0;32m  OK  [0m] Started Create Static Device Nodes in /dev.
[[0;32m  OK  [0m] Started Apply Kernel Variables.
[[0;32m  OK  [0m] Started Remount Root and Kernel File Systems.
         Starting udev Kernel Device Manager...
         Starting Load/Save Random Seed...
         Starting Flush Journal to Persistent Storage...
[[0;32m  OK  [0m] Started Monitoring of LVM2 mirrors,…sing dmeventd or progress polling.
[[0;32m  OK  [0m] Started udev Kernel Device Manager.
[[0;32m  OK  [0m] Started Load/Save Random Seed.
[[0;32m  OK  [0m] Started Flush Journal to Persistent Storage.
[[0;32m  OK  [0m] Found device /dev/ttyS0.
[[0;32m  OK  [0m] Listening on Load/Save RF Kill Switch Status /dev/rfkill Watch.
         Mounting Arbitrary Executable File Formats File System...
[[0;32m  OK  [0m] Mounted Arbitrary Executable File Formats File System.
[[0;32m  OK  [0m] Started Set the console keyboard layout.
[[0;32m  OK  [0m] Reached target Local File Systems (Pre).
[[0;32m  OK  [0m] Reached target Local File Systems.
         Starting Set console font and keymap...
         Starting ebtables ruleset management...
         Starting AppArmor initialization...
         Starting Commit a transient machine-id on disk...
         Starting Tell Plymouth To Write Out Runtime Data...
         Starting Create Volatile Files and Directories...
[[0;32m  OK  [0m] Started Dispatch Password Requests to Console Directory Watch.
[[0;32m  OK  [0m] Reached target Local Encrypted Volumes.
[[0;32m  OK  [0m] Started Tell Plymouth To Write Out Runtime Data.
[[0;32m  OK  [0m] Started Commit a transient machine-id on disk.
[[0;32m  OK  [0m] Started Create Volatile Files and Directories.
         Starting Update UTMP about System Boot/Shutdown...
[[0;32m  OK  [0m] Started Update UTMP about System Boot/Shutdown.
[[0;32m  OK  [0m] Started ebtables ruleset management.
[[0;32m  OK  [0m] Started AppArmor initialization.
         Starting Initial cloud-init job (pre-networking)...
         Starting Load AppArmor profiles managed internally by snapd...
[[0;32m  OK  [0m] Started Load AppArmor profiles managed internally by snapd.
[[0;32m  OK  [0m] Started Set console font and keymap.
[   12.313510] cloud-init[774]: Cloud-init v. 22.4.2-0ubuntu0~18.04.1 running 'init-local' at Wed, 28 Dec 2022 16:49:04 +0000. Up 12.04 seconds.
[[0;32m  OK  [0m] Started Initial cloud-init job (pre-networking).
[[0;32m  OK  [0m] Reached target Network (Pre).
         Starting Network Service...
[[0;32m  OK  [0m] Started Network Service.
         Starting Network Name Resolution...
         Starting Wait for Network to be Configured...
[[0;32m  OK  [0m] Started Network Name Resolution.
[[0;32m  OK  [0m] Reached target Network.
[[0;32m  OK  [0m] Reached target Host and Network Name Lookups.
[[0;32m  OK  [0m] Started Wait for Network to be Configured.
         Starting Initial cloud-init job (metadata service crawler)...
[   14.384735] cloud-init[882]: Cloud-init v. 22.4.2-0ubuntu0~18.04.1 running 'init' at Wed, 28 Dec 2022 16:49:06 +0000. Up 14.24 seconds.
[   14.393079] cloud-init[882]: ci-info: ++++++++++++++++++++++++++++++++++++++Net device info+++++++++++++++++++++++++++++++++++++++
[   14.402694] cloud-init[882]: ci-info: +--------+-------+----------------------------+---------------+--------+-------------------+
[   14.410017] cloud-init[882]: ci-info: | Device |   Up  |          Address           |      Mask     | Scope  |     Hw-Address    |
[   14.419543] cloud-init[882]: ci-info: +--------+-------+----------------------------+---------------+--------+-------------------+
[   14.427635] cloud-init[882]: ci-info: | enp0s3 |  True |         10.0.2.15          | 255.255.255.0 | global | 02:40:49:ac:f0:20 |
[   14.437346] cloud-init[882]: ci-info: | enp0s3 |  True | fe80::40:49ff:feac:f020/64 |       .       |  link  | 02:40:49:ac:f0:20 |
[   14.446386] cloud-init[882]: ci-info: | enp0s8 | False |             .              |       .       |   .    | 08:00:27:ad:bc:67 |
[   14.457766] cloud-init[882]: ci-info: |   lo   |  True |         127.0.0.1          |   255.0.0.0   |  host  |         .         |
[   14.464181] cloud-init[882]: ci-info: |   lo   |  True |          ::1/128           |       .       |  host  |         .         |
[   14.474099] cloud-init[882]: ci-info: +--------+-------+----------------------------+---------------+--------+-------------------+
[   14.481718] cloud-init[882]: ci-info: ++++++++++++++++++++++++++++Route IPv4 info+++++++++++++++++++++++++++++
[   14.485678] cloud-init[882]: ci-info: +-------+-------------+----------+-----------------+-----------+-------+
[   14.495442] cloud-init[882]: ci-info: | Route | Destination | Gateway  |     Genmask     | Interface | Flags |
[   14.503191] cloud-init[882]: ci-info: +-------+-------------+----------+-----------------+-----------+-------+
[   14.509102] cloud-init[882]: ci-info: |   0   |   0.0.0.0   | 10.0.2.2 |     0.0.0.0     |   enp0s3  |   UG  |
[   14.514928] cloud-init[882]: ci-info: |   1   |   10.0.2.0  | 0.0.0.0  |  255.255.255.0  |   enp0s3  |   U   |
[   14.521491] cloud-init[882]: ci-info: |   2   |   10.0.2.2  | 0.0.0.0  | 255.255.255.255 |   enp0s3  |   UH  |
[   14.532953] cloud-init[882]: ci-info: +-------+-------------+----------+-----------------+-----------+-------+
[   14.540578] cloud-init[882]: ci-info: +++++++++++++++++++Route IPv6 info+++++++++++++++++++
[   14.547470] cloud-init[882]: ci-info: +-------+-------------+---------+-----------+-------+
[   14.553607] cloud-init[882]: ci-info: | Route | Destination | Gateway | Interface | Flags |
[   14.561195] cloud-init[882]: ci-info: +-------+-------------+---------+-----------+-------+
[   14.567421] cloud-init[882]: ci-info: |   1   |  fe80::/64  |    ::   |   enp0s3  |   U   |
[   14.572888] cloud-init[882]: ci-info: |   3   |    local    |    ::   |   enp0s3  |   U   |
[   14.588048] cloud-init[882]: ci-info: |   4   |   ff00::/8  |    ::   |   enp0s3  |   U   |
[   14.595450] cloud-init[882]: ci-info: +-------+-------------+---------+-----------+-------+
[   15.209992] cloud-init[882]: Generating public/private rsa key pair.
[   15.222999] cloud-init[882]: Your identification has been saved in /etc/ssh/ssh_host_rsa_key.
[   15.227887] cloud-init[882]: Your public key has been saved in /etc/ssh/ssh_host_rsa_key.pub.
[   15.242531] cloud-init[882]: The key fingerprint is:
[   15.246462] cloud-init[882]: SHA256:VJu9w0ylD1neKZCQ2KPHp75uahP5S/eOxD8RLXKnmpc root@ubuntu-bionic
[   15.251096] cloud-init[882]: The key's randomart image is:
[   15.265594] cloud-init[882]: +---[RSA 2048]----+
[   15.269005] cloud-init[882]: |        o.+.. o  |
[   15.272334] cloud-init[882]: |       . = =.* ..|
[   15.282441] cloud-init[882]: |        + + *.o..|
[   15.285792] cloud-init[882]: |       o o * B.o |
[   15.292241] cloud-init[882]: |        S o B *  |
[   15.299154] cloud-init[882]: |       o ..  +   |[[0;32m  OK  [0m] Started Initial cloud-init job (metadata service crawler).
[[0;32m  OK  [0m] Reached target Cloud-config availability.
[[0;32m  OK  [0m] 
[   15.312743] cloud-init[882]: |        +. +o o  |
[   15.315835] cloud-init[882]: |       o.+oo+E   |
[   15.318854] cloud-init[882]: |      ..=+o.o+.  |
[   15.321818] Reached target Network is Online.
cloud-init[[0;32m  OK  [0m] Reached target Remote File Systems (Pre).
[[0;32m  OK  [0m] Reached target Remote File Systems.
[882]: +----[SHA256]-----+
         Starting Availability of block devices...
[[0;32m  OK  [0m] Reached target System Initialization.
[   15.347273] cloud-init[882]: Generating public/private dsa key pair.
[[0;32m  OK  [0m] Started Daily Cleanup of Temporary Directories.
         Starting LXD - unix socket.
[   15.359893] cloud-init[882]: Your identification has been saved in /etc/ssh/ssh_host_dsa_key.[[0;32m  OK  [0m] Started Discard unused blocks once a week.
[[0;32m  OK  [0m] Listening on cloud-init hotplug hook socket.
[   15.376107] cloud-init[882]: Your public key has been saved in /etc/ssh/ssh_host_dsa_key.pub.
[   15.380040] cloud-init[882]: 
[[0;32m  OK  [0m] Started Ubuntu Advantage Timer for running repeated jobs.
         Starting Socket activation for snappy daemon.
[[0;32m  OK  [0m] Listening on Open-iSCSI iscsid Socket.
[[0;32m  OK  [0m] Listening on D-Bus System Message Bus Socket.
[[0;32m  OK  [0m] Started Message of the Day.The key fingerprint is:
[   15.406726] cloud-init[882]: SHA256:IJC7JD+8TJ3zy+76SEsOAoQl3BCLmigjkikUUhRH4Gc root@ubuntu-bionic
[   15.410232] cloud-init[882]: 
[[0;32m  OK  [0m] Listening on UUID daemon activation socket.
[[0;32m  OK  [0m] Listening on ACPID Listen Socket.
[[0;32m  OK  [0m] Started Daily apt download activities.
[[0;32m  OK  [0m] The key's randomart image is:
[   15.423437] cloud-init[882]: +---[DSA 1024]----+
[   15.425899] cloud-init[882]: |+*@=o            |
[   15.428368] cloud-init[882]: |+=++             |
[   15.430828] Started Daily apt upgrade and clean activities.
[[0;32m  OK  [0m] Reached target Timers.
cloud-init[882]: |o+..E .          |
[[0;32m  OK  [0m] Started ACPI Events Check.
[   15.440262] cloud-init[882]: [[0;32m  OK  [0m] Reached target Paths.
|*+oo . .         |
[   15.445645] cloud-init[882]: |&= o .  S        |
[[0;32m  OK  [0m] Started Availability of block devices.
[   15.450790] cloud-init[882]: |*.* +            |
[[0;32m  OK  [0m] Listening on LXD - unix socket.
[   15.456007] cloud-init[882]: |.o.ooo           |
[[0;32m  OK  [0m] Listening on Socket activation for snappy daemon.
[   15.461461] cloud-init[882]: | .o= +.          |
[   15.463936] cloud-init[882]: |    ==*.         |
[   15.466483] cloud-init[882]: +----[SHA256]-----+
[   15.468928] cloud-init[882]: Generating public/private ecdsa key pair.
[[0;32m  OK  [0m] Reached target Sockets.
[[0;32m  OK  [0m] Reached target Basic System.
[   15.477458] cloud-init[882]: Your identification has been saved in /etc/ssh/ssh_host_ecdsa_key.
         Starting System Logging Service...
         Starting Permit User Sessions...
[[0;32m  OK  [0m] Started irqbalance daemon.
[   15.495525]          Starting Dispatcher daemon for systemd-networkd...
[[0;32m  OK  [0m] Started FUSE filesystem for LXC.
[[0;32m  OK  [0mcloud-init[882]: Your public key has been saved in /etc/ssh/ssh_host_ecdsa_key.pub.
[   15.515385] cloud-init[882]: The key fingerprint is:
[   15.517898] cloud-init[882]: SHA256:kuVnTSzjCPKsBJk1nJZ4BeFmsBf5C9/pI+wA4TDE584 root@ubuntu-bionic] Started Deferred execution scheduler.
         Starting LXD - container startup/shutdown...
         Starting LSB: automatic crash report generation...
         Starting Login Service...
         Starting Accounts Service...
         Starting LSB: Record successful boot for GRUB...

[   15.560998] cloud-init[882]: The key's randomart image is:
[   15.570061] cloud-init[882]: +---[ECDSA 256]---+
[   15.583179] cloud-init[882]: |...o*B.          |
[   15.592075] cloud-init[882]: |...OBo     .     |
[   15.598664] cloud-init[882]: |o Oo*.. . o o    |
[   15.606915] cloud-init[882]: | + B.+.= o =     |
[   15.617804] cloud-init[882]: |  = .o=oS.+ .    |
[   15.628408] cloud-init[882]: |   E .o.oo       |
[   15.636687] cloud-init[882]: |    o. .         |
[   15.657221] cloud-init[882]: |     .o o        |
[   15.663919] cloud-init[882]: |     ... .       |
[   15.669215]          Starting Pollinate to seed the pseudo random number generator...
cloud-init[882]: +----[SHA256]-----+
[   15.708282] cloud-init[[0;32m  OK  [0m] Started Regular background program processing daemon.
         Starting Virtualbox guest utils...
[882]: Generating public/private ed25519 key pair.
[   15.730820] cloud-init[882]: Your identification has been saved in /etc/ssh/ssh_host_ed25519_key.
         Starting Snap Daemon...
[[0;32m  OK  [0m] Started D-Bus System Message Bus.
[   15.767606] cloud-init[882]: Your public key has been saved in /etc/ssh/ssh_host_ed25519_key.pub.
[   15.785332] cloud-init[882]: The key fingerprint is:
[   15.799037] cloud-init[882]: SHA256:6APYdNTRGe9OMaJcj0re+Xo6dQuYj2sKbiE2GhNysjs root@ubuntu-bionic
[[0;32m  OK  [0m] Started Login Service.
[[0;32m  OK  [0m] Started Unattended Upgrades Shutdown.
[[0;32m  OK  [0m] Reached target Login Prompts (Pre).
[[0;32m  OK  [0m] Started System Logging Service.
[[0;32m  OK  [0m] Started Permit User Sessions.
[[0;32m  OK  [0m] Started LXD - container startup/shutdown.
         Starting Terminate Plymouth Boot Screen...
         Starting Hold until boot process finishes up...
[[0;32m  OK  [0m] Started Hold until boot process finishes up.
[[0;32m  OK  [0m] Started Terminate Plymouth Boot Screen.
[   15.902782] cloud-init[882]: The key's randomart image is:
[   15.908423] cloud-init[882]: +--[ED25519 256]--+
[   15.921950] cloud-init[882]: |      ...o.o     |
[   15.932712] cloud-init[882]: |     .  . o.     |
[   15.947271] cloud-init[882]:          Starting Authorization Manager...
         Starting Set console scheme...
[[0;32m  OK  [0m] Started Serial Getty on ttyS0.
|    . .   o +    |
[[0;32m  OK  [0m] Started LSB: automatic crash report generation.
[   15.994035] cloud-init[882]: |o o+ . o o = o   |
[   16.019992] cloud-init[882]: | =..o . S .o+    |
[   16.029205] cloud-init[882]: |. o +o.o oo+o .  |
[   16.043768] cloud-init[882]: | . = o+.o o+.o . |
[   16.052830] cloud-init[882]: |E .  ..o  +.o .  |
[   16.062855] cloud-init[882]: | .   .. .o+*.    |
[   16.072326] cloud-init[882]: +----[SHA256]-----+
[[0;32m  OK  [0m] Started LSB: Record successful boot for GRUB.
[[0;32m  OK  [0m] Started Authorization Manager.
[[0;32m  OK  [0m] Started Accounts Service.
[[0;32m  OK  [0m] Started Set console scheme.
[[0;32m  OK  [0m] Created slice system-getty.slice.
[[0;32m  OK  [0m] Started Getty on tty1.
[[0;32m  OK  [0m] Reached target Login Prompts.
[[0;32m  OK  [0m] Started Virtualbox guest utils.
[[0;32m  OK  [0m] Started Dispatcher daemon for systemd-networkd.
[[0;32m  OK  [0m] Started Snap Daemon.
         Starting Wait until snapd is fully seeded...
         Starting Time & Date Service...
[[0;32m  OK  [0m] Started Time & Date Service.
[[0;32m  OK  [0m] Started Pollinate to seed the pseudo random number generator.
         Starting OpenBSD Secure Shell server...
[[0;32m  OK  [0m] Started OpenBSD Secure Shell server.
[[0;32m  OK  [0m] Created slice User Slice of vagrant.
         Starting User Manager for UID 1000...
[[0;32m  OK  [0m] Started Session 1 of user vagrant.
[[0;32m  OK  [0m] Started User Manager for UID 1000.

Ubuntu 18.04.6 LTS ubuntu-bionic ttyS0

ubuntu-bionic login: [   26.218134] cloud-init[2108]: Cloud-init v. 22.4.2-0ubuntu0~18.04.1 running 'modules:config' at Wed, 28 Dec 2022 16:49:18 +0000. Up 25.84 seconds.
ci-info: no authorized SSH keys fingerprints found for user ubuntu.
<14>Dec 28 16:49:19 cloud-init: #############################################################
<14>Dec 28 16:49:19 cloud-init: -----BEGIN SSH HOST KEY FINGERPRINTS-----
<14>Dec 28 16:49:19 cloud-init: 1024 SHA256:IJC7JD+8TJ3zy+76SEsOAoQl3BCLmigjkikUUhRH4Gc root@ubuntu-bionic (DSA)
<14>Dec 28 16:49:19 cloud-init: 256 SHA256:kuVnTSzjCPKsBJk1nJZ4BeFmsBf5C9/pI+wA4TDE584 root@ubuntu-bionic (ECDSA)
<14>Dec 28 16:49:19 cloud-init: 256 SHA256:6APYdNTRGe9OMaJcj0re+Xo6dQuYj2sKbiE2GhNysjs root@ubuntu-bionic (ED25519)
<14>Dec 28 16:49:19 cloud-init: 2048 SHA256:VJu9w0ylD1neKZCQ2KPHp75uahP5S/eOxD8RLXKnmpc root@ubuntu-bionic (RSA)
<14>Dec 28 16:49:19 cloud-init: -----END SSH HOST KEY FINGERPRINTS-----
<14>Dec 28 16:49:19 cloud-init: #############################################################
-----BEGIN SSH HOST KEY KEYS-----
ecdsa-sha2-nistp256 AAAAE2VjZHNhLXNoYTItbmlzdHAyNTYAAAAIbmlzdHAyNTYAAABBBOzWY+tie1cE0jozmPI9u+Ki52KSM0CHdUoE89dJW//bA8gNR5AyTIJ/814YAdVlSfhdxcrlonTfGBLGJPr6zGM= root@ubuntu-bionic
ssh-ed25519 AAAAC3NzaC1lZDI1NTE5AAAAIH/Dt4AubUOiiP+ymppMFbl4/qtnkt9/hqMUWJtwxJqd root@ubuntu-bionic
ssh-rsa AAAAB3NzaC1yc2EAAAADAQABAAABAQDsBWts/HLf+hR73XVoxXavEZC02wolWOMxerkGUjggEaqTC/QvetjYxwVLOxU0+pka1dTMqZcGBZSPXIy04ay4q/M/aeX31JH94g8sc5S9sQXJrYEkQV5MwXWCj/wlJiUy9O5c7FpBfN6ZKV28qpAb76Q8K9c9z0yjqD+7el1BRoMjLdGBnTbhdYeTFvzw4ebGZovaDt2ZKt2cGtQpNCTg9NJ9c69KkpRWAFMg4eo9XDJUZGQiNwwJb8fj2Zq3a1WqXWVw8lyTVdbrUQ+W6yLZaqsA9tJjXJeLbReVTG1yBDBEZpjdSR8wU184UM1ITt7btkOFNge2ZIHL74P3tIMn root@ubuntu-bionic
-----END SSH HOST KEY KEYS-----
[   26.932409] cloud-init[2150]: Cloud-init v. 22.4.2-0ubuntu0~18.04.1 running 'modules:final' at Wed, 28 Dec 2022 16:49:19 +0000. Up 26.73 seconds.
[   26.936768] cloud-init[2150]: Cloud-init v. 22.4.2-0ubuntu0~18.04.1 finished at Wed, 28 Dec 2022 16:49:19 +0000. Datasource DataSourceNoCloud [seed=/dev/sdb][dsmode=net].  Up 26.92 seconds
